<?xml version="1.0" encoding="UTF-8"?>
<testsuites name="VerifyElementsPresent" time="23" tests="3" failures="0" errors="0">
   <testsuite name="VerifyElementsPresent" tests="3" failures="0" errors="0" time="23" timestamp="2018-08-14 14:41:33" hostname="i3 - i3-PC" id="Test Suites/VerifyElementsPresent">
      <properties>
         <property name="deviceName" value=""/>
         <property name="devicePlatform" value=""/>
         <property name="logFolder" value="C:\\Users\\i3\\Katalon Studio\\Databox_Katalon\\Reports\\VerifyElementsPresent\\20180814_144131"/>
         <property name="logFiles" value="C:\\Users\\i3\\Katalon Studio\\Databox_Katalon\\Reports\\VerifyElementsPresent\\20180814_144131\\execution0.log"/>
         <property name="attachments" value=""/>
         <property name="hostName" value="i3 - i3-PC"/>
         <property name="os" value="Windows 7 64bit"/>
         <property name="katalonVersion" value="5.6.0.1"/>
         <property name="browser" value="Chrome 68.0.3440.106"/>
         <property name="hostAddress" value="192.168.1.140"/>
         <property name="sessionId" value="8a218c8928269e589b90feab8d65e766"/>
         <property name="seleniumVersion" value="3.7.1"/>
         <property name="proxyInformation" value="ProxyInformation{proxyOption=NO_PROXY, proxyServerType=HTTP, password=, proxyServerAddress=, proxyServerPort=0}"/>
         <property name="platform" value="Windows 7"/>
      </properties>
      <testcase name="Test Cases/Login" classname="Test Cases/Login" status="PASSED">
         <system-out><![CDATA[2018-08-14 14:41:34 - [TEST_CASE][PASSED] - Test Cases/Login: Test Cases/Login

2018-08-14 14:41:34 - [TEST_STEP][PASSED] - openBrowser: Browser is opened with url: ''

2018-08-14 14:41:39 - [MESSAGE][PASSED] - Browser is opened with url: ''

2018-08-14 14:41:39 - [TEST_STEP][PASSED] - navigateToUrl: Navigate to 'https://app.databox.com/' successfully

2018-08-14 14:41:44 - [MESSAGE][PASSED] - Navigate to 'https://app.databox.com/' successfully

2018-08-14 14:41:44 - [TEST_STEP][PASSED] - setText: Text 'mihael+katalontest@databox.com' is set on object 'Object Repository/LoginAccountCompany/Page_Databox/input_email'

2018-08-14 14:41:45 - [MESSAGE][PASSED] - Text 'mihael+katalontest@databox.com' is set on object 'Object Repository/LoginAccountCompany/Page_Databox/input_email'

2018-08-14 14:41:45 - [TEST_STEP][PASSED] - setEncryptedText: Text ****** has been set on object 'Object Repository/LoginAccountCompany/Page_Databox/input_password'

2018-08-14 14:41:46 - [MESSAGE][PASSED] - Text ****** has been set on object 'Object Repository/LoginAccountCompany/Page_Databox/input_password'

2018-08-14 14:41:46 - [TEST_STEP][PASSED] - click: Object: 'Object Repository/LoginAccountCompany/Page_Databox/button_Sign in' is clicked on

2018-08-14 14:41:46 - [MESSAGE][PASSED] - Object: 'Object Repository/LoginAccountCompany/Page_Databox/button_Sign in' is clicked on]]></system-out>
         <system-err><![CDATA[]]></system-err>
      </testcase>
      <testcase name="Test Cases/VerifyElementsPresent" classname="Test Cases/VerifyElementsPresent" status="PASSED">
         <system-out><![CDATA[2018-08-14 14:41:46 - [TEST_CASE][PASSED] - Test Cases/VerifyElementsPresent: Test Cases/VerifyElementsPresent

2018-08-14 14:41:46 - [TEST_STEP][PASSED] - verifyElementPresent: Object 'Object Repository/VerifyElementPresent/Page_Databox/span_Databoards' is present

2018-08-14 14:41:52 - [MESSAGE][PASSED] - Object 'Object Repository/VerifyElementPresent/Page_Databox/span_Databoards' is present

2018-08-14 14:41:52 - [TEST_STEP][PASSED] - verifyElementPresent: Object 'Object Repository/VerifyElementPresent/Page_Databox/span_Goals' is present

2018-08-14 14:41:52 - [MESSAGE][PASSED] - Object 'Object Repository/VerifyElementPresent/Page_Databox/span_Goals' is present

2018-08-14 14:41:52 - [TEST_STEP][PASSED] - verifyElementPresent: Object 'Object Repository/VerifyElementPresent/Page_Databox/span_Templates' is present

2018-08-14 14:41:53 - [MESSAGE][PASSED] - Object 'Object Repository/VerifyElementPresent/Page_Databox/span_Templates' is present

2018-08-14 14:41:53 - [TEST_STEP][PASSED] - verifyElementPresent: Object 'Object Repository/VerifyElementPresent/Page_Databox/span_Data Manager' is present

2018-08-14 14:41:53 - [MESSAGE][PASSED] - Object 'Object Repository/VerifyElementPresent/Page_Databox/span_Data Manager' is present

2018-08-14 14:41:53 - [TEST_STEP][PASSED] - verifyElementPresent: Object 'Object Repository/VerifyElementPresent/Page_Databox/span_Notifications' is present

2018-08-14 14:41:53 - [MESSAGE][PASSED] - Object 'Object Repository/VerifyElementPresent/Page_Databox/span_Notifications' is present

2018-08-14 14:41:53 - [TEST_STEP][PASSED] - verifyElementPresent: Object 'Object Repository/VerifyElementPresent/Page_Databox/h1_Test Company Name Katalon' is present

2018-08-14 14:41:54 - [MESSAGE][PASSED] - Object 'Object Repository/VerifyElementPresent/Page_Databox/h1_Test Company Name Katalon' is present

2018-08-14 14:41:54 - [TEST_STEP][PASSED] - verifyElementPresent: Object 'Object Repository/VerifyElementPresent/Page_Databox/a_Upgrade' is present

2018-08-14 14:41:54 - [MESSAGE][PASSED] - Object 'Object Repository/VerifyElementPresent/Page_Databox/a_Upgrade' is present]]></system-out>
         <system-err><![CDATA[]]></system-err>
      </testcase>
      <testcase name="Test Cases/Logout" classname="Test Cases/Logout" status="PASSED">
         <system-out><![CDATA[2018-08-14 14:41:54 - [TEST_CASE][PASSED] - Test Cases/Logout: Test Cases/Logout

2018-08-14 14:41:54 - [TEST_STEP][PASSED] - click: Object: 'Object Repository/Logout/Page_Databox/span_icon icon-arrow-down' is clicked on

2018-08-14 14:41:54 - [MESSAGE][PASSED] - Object: 'Object Repository/Logout/Page_Databox/span_icon icon-arrow-down' is clicked on

2018-08-14 14:41:54 - [TEST_STEP][PASSED] - click: Object: 'Object Repository/Logout/Page_Databox/a_Logout' is clicked on

2018-08-14 14:41:57 - [MESSAGE][PASSED] - Object: 'Object Repository/Logout/Page_Databox/a_Logout' is clicked on]]></system-out>
         <system-err><![CDATA[]]></system-err>
      </testcase>
      <system-out><![CDATA[2018-08-14 14:41:33 - [TEST_SUITE][PASSED] - VerifyElementsPresent: Test Cases/Logout]]></system-out>
      <system-err><![CDATA[]]></system-err>
   </testsuite>
</testsuites>
