<?xml version="1.0" encoding="UTF-8"?>
<testsuites name="Create_Delete_Account" time="31" tests="2" failures="0" errors="0">
   <testsuite name="Create_Delete_Account" tests="2" failures="0" errors="0" time="31" timestamp="2018-08-13 11:28:20" hostname="i3 - i3-PC" id="Test Suites/Create_Delete_Account">
      <properties>
         <property name="deviceName" value=""/>
         <property name="devicePlatform" value=""/>
         <property name="logFolder" value="C:\\Users\\i3\\Katalon Studio\\Databox_Katalon\\Reports\\Create_Delete_Account\\20180813_112817"/>
         <property name="logFiles" value="C:\\Users\\i3\\Katalon Studio\\Databox_Katalon\\Reports\\Create_Delete_Account\\20180813_112817\\execution0.log"/>
         <property name="attachments" value=""/>
         <property name="hostName" value="i3 - i3-PC"/>
         <property name="os" value="Windows 7 64bit"/>
         <property name="katalonVersion" value="5.6.0.1"/>
         <property name="browser" value="Chrome 68.0.3440.106"/>
         <property name="hostAddress" value="192.168.1.140"/>
         <property name="sessionId" value="f7fcc4b404d6dd939631b70ee07a3df5"/>
         <property name="seleniumVersion" value="3.7.1"/>
         <property name="proxyInformation" value="ProxyInformation{proxyOption=NO_PROXY, proxyServerType=HTTP, password=, proxyServerAddress=, proxyServerPort=0}"/>
         <property name="platform" value="Windows 7"/>
      </properties>
      <testcase name="Test Cases/CreateAccountCompany" classname="Test Cases/CreateAccountCompany" status="PASSED">
         <system-out><![CDATA[2018-08-13 11:28:21 - [TEST_CASE][PASSED] - Test Cases/CreateAccountCompany: Test Cases/CreateAccountCompany

2018-08-13 11:28:22 - [TEST_STEP][PASSED] - openBrowser: Browser is opened with url: ''

2018-08-13 11:28:26 - [MESSAGE][PASSED] - Browser is opened with url: ''

2018-08-13 11:28:26 - [TEST_STEP][PASSED] - navigateToUrl: Navigate to 'https://app.databox.com/' successfully

2018-08-13 11:28:28 - [MESSAGE][PASSED] - Navigate to 'https://app.databox.com/' successfully

2018-08-13 11:28:28 - [TEST_STEP][PASSED] - click: Object: 'Object Repository/CreateAccountCompany/Page_Databox/a_Sign up' is clicked on

2018-08-13 11:28:31 - [MESSAGE][PASSED] - Object: 'Object Repository/CreateAccountCompany/Page_Databox/a_Sign up' is clicked on

2018-08-13 11:28:31 - [TEST_STEP][PASSED] - setText: Text 'Katalon Name Test' is set on object 'Object Repository/CreateAccountCompany/Page_Databox  Create Account  Get S/input_name'

2018-08-13 11:28:33 - [MESSAGE][PASSED] - Text 'Katalon Name Test' is set on object 'Object Repository/CreateAccountCompany/Page_Databox  Create Account  Get S/input_name'

2018-08-13 11:28:33 - [TEST_STEP][PASSED] - setText: Text 'mihael+katalontest@databox.com' is set on object 'Object Repository/CreateAccountCompany/Page_Databox  Create Account  Get S/input_email'

2018-08-13 11:28:33 - [MESSAGE][PASSED] - Text 'mihael+katalontest@databox.com' is set on object 'Object Repository/CreateAccountCompany/Page_Databox  Create Account  Get S/input_email'

2018-08-13 11:28:33 - [TEST_STEP][PASSED] - setEncryptedText: Text ****** has been set on object 'Object Repository/CreateAccountCompany/Page_Databox  Create Account  Get S/input_password'

2018-08-13 11:28:34 - [MESSAGE][PASSED] - Text ****** has been set on object 'Object Repository/CreateAccountCompany/Page_Databox  Create Account  Get S/input_password'

2018-08-13 11:28:34 - [TEST_STEP][PASSED] - setText: Text 'Test Company Name Katalon' is set on object 'Object Repository/CreateAccountCompany/Page_Databox  Create Account  Get S/input_company'

2018-08-13 11:28:34 - [MESSAGE][PASSED] - Text 'Test Company Name Katalon' is set on object 'Object Repository/CreateAccountCompany/Page_Databox  Create Account  Get S/input_company'

2018-08-13 11:28:34 - [TEST_STEP][PASSED] - click: Object: 'Object Repository/CreateAccountCompany/Page_Databox  Create Account  Get S/span_Create your Account' is clicked on

2018-08-13 11:28:35 - [MESSAGE][PASSED] - Object: 'Object Repository/CreateAccountCompany/Page_Databox  Create Account  Get S/span_Create your Account' is clicked on

2018-08-13 11:28:35 - [TEST_STEP][PASSED] - click: Object: 'Object Repository/CreateAccountCompany/Page_Databox  Create Account  Get S/label_Company Account' is clicked on

2018-08-13 11:28:36 - [MESSAGE][PASSED] - Object: 'Object Repository/CreateAccountCompany/Page_Databox  Create Account  Get S/label_Company Account' is clicked on

2018-08-13 11:28:36 - [TEST_STEP][PASSED] - click: Object: 'Object Repository/CreateAccountCompany/Page_Databox  Create Account  Get S/button_Continue' is clicked on

2018-08-13 11:28:40 - [MESSAGE][PASSED] - Object: 'Object Repository/CreateAccountCompany/Page_Databox  Create Account  Get S/button_Continue' is clicked on

2018-08-13 11:28:40 - [TEST_STEP][PASSED] - click: Object: 'Object Repository/CreateAccountCompany/Page_Databox/a_I want to skip the onboardin' is clicked on

2018-08-13 11:28:48 - [MESSAGE][PASSED] - Object: 'Object Repository/CreateAccountCompany/Page_Databox/a_I want to skip the onboardin' is clicked on]]></system-out>
         <system-err><![CDATA[]]></system-err>
      </testcase>
      <testcase name="Test Cases/DeleteAccountCompany" classname="Test Cases/DeleteAccountCompany" status="PASSED">
         <system-out><![CDATA[2018-08-13 11:28:48 - [TEST_CASE][PASSED] - Test Cases/DeleteAccountCompany: Test Cases/DeleteAccountCompany

2018-08-13 11:28:48 - [TEST_STEP][PASSED] - click: Object: 'Object Repository/DeleteAccountCompany/Page_Databox/a_KN        Account' is clicked on

2018-08-13 11:28:48 - [MESSAGE][PASSED] - Object: 'Object Repository/DeleteAccountCompany/Page_Databox/a_KN        Account' is clicked on

2018-08-13 11:28:48 - [TEST_STEP][PASSED] - click: Object: 'Object Repository/DeleteAccountCompany/Page_Databox/a_Account Details' is clicked on

2018-08-13 11:28:49 - [MESSAGE][PASSED] - Object: 'Object Repository/DeleteAccountCompany/Page_Databox/a_Account Details' is clicked on

2018-08-13 11:28:49 - [TEST_STEP][PASSED] - click: Object: 'Object Repository/DeleteAccountCompany/Page_Databox/a_Yes cancel my account.' is clicked on

2018-08-13 11:28:49 - [MESSAGE][PASSED] - Object: 'Object Repository/DeleteAccountCompany/Page_Databox/a_Yes cancel my account.' is clicked on

2018-08-13 11:28:49 - [TEST_STEP][PASSED] - click: Object: 'Object Repository/DeleteAccountCompany/Page_Databox/span_Confirm' is clicked on

2018-08-13 11:28:50 - [MESSAGE][PASSED] - Object: 'Object Repository/DeleteAccountCompany/Page_Databox/span_Confirm' is clicked on

2018-08-13 11:28:50 - [TEST_STEP][PASSED] - verifyElementPresent: Object 'Object Repository/DeleteAccountCompany/Page_Databox/div_SIGN IN' is present

2018-08-13 11:28:51 - [MESSAGE][PASSED] - Object 'Object Repository/DeleteAccountCompany/Page_Databox/div_SIGN IN' is present]]></system-out>
         <system-err><![CDATA[]]></system-err>
      </testcase>
      <system-out><![CDATA[2018-08-13 11:28:20 - [TEST_SUITE][PASSED] - Create_Delete_Account: Test Cases/DeleteAccountCompany]]></system-out>
      <system-err><![CDATA[]]></system-err>
   </testsuite>
</testsuites>
