<?xml version="1.0" encoding="UTF-8"?>
<testsuites name="Create_Delete_Account" time="80" tests="0" failures="2" errors="0">
   <testsuite name="Create_Delete_Account" tests="0" failures="2" errors="0" time="80" timestamp="2018-08-13 11:08:31" hostname="i3 - i3-PC" id="Test Suites/Create_Delete_Account">
      <properties>
         <property name="deviceName" value=""/>
         <property name="devicePlatform" value=""/>
         <property name="logFolder" value="C:\\Users\\i3\\Katalon Studio\\Databox_Katalon\\Reports\\Create_Delete_Account\\20180813_110829"/>
         <property name="logFiles" value="C:\\Users\\i3\\Katalon Studio\\Databox_Katalon\\Reports\\Create_Delete_Account\\20180813_110829\\execution0.log"/>
         <property name="attachments" value="C:\\Users\\i3\\Katalon Studio\\Databox_Katalon\\Reports\\Create_Delete_Account\\20180813_110829\\1534151358710.png, C:\\Users\\i3\\Katalon Studio\\Databox_Katalon\\Reports\\Create_Delete_Account\\20180813_110829\\1534151390891.png"/>
         <property name="hostName" value="i3 - i3-PC"/>
         <property name="os" value="Windows 7 64bit"/>
         <property name="katalonVersion" value="5.6.0.1"/>
         <property name="browser" value="Chrome 68.0.3440.106"/>
         <property name="hostAddress" value="192.168.1.140"/>
         <property name="sessionId" value="4bbb2506219ec0fe56f3ab8beae72178"/>
         <property name="seleniumVersion" value="3.7.1"/>
         <property name="proxyInformation" value="ProxyInformation{proxyOption=NO_PROXY, proxyServerType=HTTP, password=, proxyServerAddress=, proxyServerPort=0}"/>
         <property name="platform" value="Windows 7"/>
      </properties>
      <testcase name="Test Cases/CreateAccountCompany" classname="Test Cases/CreateAccountCompany" status="FAILED">
         <failure type="FAILED" message="Unable to click on object 'Object Repository/CreateAccountCompany/Page_Databox  Create Account  Get S/label_Company Account' (Root cause: com.kms.katalon.core.webui.exception.WebElementNotFoundException: Web element with id: 'Object Repository/CreateAccountCompany/Page_Databox  Create Account  Get S/label_Company Account' located by 'By.xpath: id(&quot;signup-container&quot;)/div[@class=&quot;row&quot;]/div[@class=&quot;right-side&quot;]/div[@class=&quot;step-ct&quot;]/div[@class=&quot;step2 active&quot;]/div[@class=&quot;radiobuttons&quot;]/div[@class=&quot;button-ct&quot;]/label[@class=&quot;icon icon-check&quot;]' not found)"/>
         <system-out><![CDATA[2018-08-13 11:08:32 - [TEST_CASE][FAILED] - Test Cases/CreateAccountCompany: Test Cases/CreateAccountCompany FAILED because (of) Unable to click on object 'Object Repository/CreateAccountCompany/Page_Databox  Create Account  Get S/label_Company Account' (Root cause: com.kms.katalon.core.webui.exception.WebElementNotFoundException: Web element with id: 'Object Repository/CreateAccountCompany/Page_Databox  Create Account  Get S/label_Company Account' located by 'By.xpath: id("signup-container")/div[@class="row"]/div[@class="right-side"]/div[@class="step-ct"]/div[@class="step2 active"]/div[@class="radiobuttons"]/div[@class="button-ct"]/label[@class="icon icon-check"]' not found)

2018-08-13 11:08:32 - [TEST_STEP][PASSED] - openBrowser: Browser is opened with url: ''

2018-08-13 11:08:36 - [MESSAGE][PASSED] - Browser is opened with url: ''

2018-08-13 11:08:36 - [TEST_STEP][PASSED] - navigateToUrl: Navigate to 'https://app.databox.com/' successfully

2018-08-13 11:08:38 - [MESSAGE][PASSED] - Navigate to 'https://app.databox.com/' successfully

2018-08-13 11:08:38 - [TEST_STEP][PASSED] - click: Object: 'Object Repository/CreateAccountCompany/Page_Databox/a_Sign up' is clicked on

2018-08-13 11:08:43 - [MESSAGE][PASSED] - Object: 'Object Repository/CreateAccountCompany/Page_Databox/a_Sign up' is clicked on

2018-08-13 11:08:43 - [TEST_STEP][PASSED] - setText: Text 'Katalon Name Test' is set on object 'Object Repository/CreateAccountCompany/Page_Databox  Create Account  Get S/input_name'

2018-08-13 11:08:43 - [MESSAGE][PASSED] - Text 'Katalon Name Test' is set on object 'Object Repository/CreateAccountCompany/Page_Databox  Create Account  Get S/input_name'

2018-08-13 11:08:43 - [TEST_STEP][PASSED] - setText: Text 'mihael+katalontest@databox.com' is set on object 'Object Repository/CreateAccountCompany/Page_Databox  Create Account  Get S/input_email'

2018-08-13 11:08:45 - [MESSAGE][PASSED] - Text 'mihael+katalontest@databox.com' is set on object 'Object Repository/CreateAccountCompany/Page_Databox  Create Account  Get S/input_email'

2018-08-13 11:08:45 - [TEST_STEP][PASSED] - setEncryptedText: Text ****** has been set on object 'Object Repository/CreateAccountCompany/Page_Databox  Create Account  Get S/input_password'

2018-08-13 11:08:45 - [MESSAGE][PASSED] - Text ****** has been set on object 'Object Repository/CreateAccountCompany/Page_Databox  Create Account  Get S/input_password'

2018-08-13 11:08:45 - [TEST_STEP][PASSED] - setText: Text 'Test Company Name Katalon' is set on object 'Object Repository/CreateAccountCompany/Page_Databox  Create Account  Get S/input_company'

2018-08-13 11:08:46 - [MESSAGE][PASSED] - Text 'Test Company Name Katalon' is set on object 'Object Repository/CreateAccountCompany/Page_Databox  Create Account  Get S/input_company'

2018-08-13 11:08:46 - [TEST_STEP][PASSED] - click: Object: 'Object Repository/CreateAccountCompany/Page_Databox  Create Account  Get S/span_Create your Account' is clicked on

2018-08-13 11:08:47 - [MESSAGE][PASSED] - Object: 'Object Repository/CreateAccountCompany/Page_Databox  Create Account  Get S/span_Create your Account' is clicked on

2018-08-13 11:08:47 - [TEST_STEP][FAILED] - click: Unable to click on object 'Object Repository/CreateAccountCompany/Page_Databox  Create Account  Get S/label_Company Account' (Root cause: com.kms.katalon.core.webui.exception.WebElementNotFoundException: Web element with id: 'Object Repository/CreateAccountCompany/Page_Databox  Create Account  Get S/label_Company Account' located by 'By.xpath: id("signup-container")/div[@class="row"]/div[@class="right-side"]/div[@class="step-ct"]/div[@class="step2 active"]/div[@class="radiobuttons"]/div[@class="button-ct"]/label[@class="icon icon-check"]' not found)

2018-08-13 11:09:19 - [MESSAGE][FAILED] - Unable to click on object 'Object Repository/CreateAccountCompany/Page_Databox  Create Account  Get S/label_Company Account' (Root cause: com.kms.katalon.core.webui.exception.WebElementNotFoundException: Web element with id: 'Object Repository/CreateAccountCompany/Page_Databox  Create Account  Get S/label_Company Account' located by 'By.xpath: id("signup-container")/div[@class="row"]/div[@class="right-side"]/div[@class="step-ct"]/div[@class="step2 active"]/div[@class="radiobuttons"]/div[@class="button-ct"]/label[@class="icon icon-check"]' not found)
[[ATTACHMENT|C:\\Users\\i3\\Katalon Studio\\Databox_Katalon\\Reports\\Create_Delete_Account\\20180813_110829\\1534151358710.png]]]]></system-out>
         <system-err><![CDATA[2018-08-13 11:08:32 - [TEST_CASE][FAILED] - Test Cases/CreateAccountCompany: Test Cases/CreateAccountCompany FAILED because (of) Unable to click on object 'Object Repository/CreateAccountCompany/Page_Databox  Create Account  Get S/label_Company Account' (Root cause: com.kms.katalon.core.webui.exception.WebElementNotFoundException: Web element with id: 'Object Repository/CreateAccountCompany/Page_Databox  Create Account  Get S/label_Company Account' located by 'By.xpath: id("signup-container")/div[@class="row"]/div[@class="right-side"]/div[@class="step-ct"]/div[@class="step2 active"]/div[@class="radiobuttons"]/div[@class="button-ct"]/label[@class="icon icon-check"]' not found)]]></system-err>
      </testcase>
      <testcase name="Test Cases/DeleteAccountCompany" classname="Test Cases/DeleteAccountCompany" status="FAILED">
         <failure type="FAILED" message="Unable to click on object 'Object Repository/DeleteAccountCompany/Page_Databox/a_Account Details' (Root cause: com.kms.katalon.core.webui.exception.WebElementNotFoundException: Web element with id: 'Object Repository/DeleteAccountCompany/Page_Databox/a_Account Details' located by 'By.xpath: //a[(text() = 'Account Details' or . = 'Account Details')]' not found)"/>
         <system-out><![CDATA[2018-08-13 11:09:19 - [TEST_CASE][FAILED] - Test Cases/DeleteAccountCompany: Test Cases/DeleteAccountCompany FAILED because (of) Unable to click on object 'Object Repository/DeleteAccountCompany/Page_Databox/a_Account Details' (Root cause: com.kms.katalon.core.webui.exception.WebElementNotFoundException: Web element with id: 'Object Repository/DeleteAccountCompany/Page_Databox/a_Account Details' located by 'By.xpath: //a[(text() = 'Account Details' or . = 'Account Details')]' not found)

2018-08-13 11:09:19 - [TEST_STEP][NOT_RUN] - click: NOT_RUN: click

2018-08-13 11:09:19 - [MESSAGE][NOT_RUN] - NOT_RUN: click

2018-08-13 11:09:19 - [TEST_STEP][FAILED] - click: Unable to click on object 'Object Repository/DeleteAccountCompany/Page_Databox/a_Account Details' (Root cause: com.kms.katalon.core.webui.exception.WebElementNotFoundException: Web element with id: 'Object Repository/DeleteAccountCompany/Page_Databox/a_Account Details' located by 'By.xpath: //a[(text() = 'Account Details' or . = 'Account Details')]' not found)

2018-08-13 11:09:51 - [MESSAGE][FAILED] - Unable to click on object 'Object Repository/DeleteAccountCompany/Page_Databox/a_Account Details' (Root cause: com.kms.katalon.core.webui.exception.WebElementNotFoundException: Web element with id: 'Object Repository/DeleteAccountCompany/Page_Databox/a_Account Details' located by 'By.xpath: //a[(text() = 'Account Details' or . = 'Account Details')]' not found)
[[ATTACHMENT|C:\\Users\\i3\\Katalon Studio\\Databox_Katalon\\Reports\\Create_Delete_Account\\20180813_110829\\1534151390891.png]]]]></system-out>
         <system-err><![CDATA[2018-08-13 11:09:19 - [TEST_CASE][FAILED] - Test Cases/DeleteAccountCompany: Test Cases/DeleteAccountCompany FAILED because (of) Unable to click on object 'Object Repository/DeleteAccountCompany/Page_Databox/a_Account Details' (Root cause: com.kms.katalon.core.webui.exception.WebElementNotFoundException: Web element with id: 'Object Repository/DeleteAccountCompany/Page_Databox/a_Account Details' located by 'By.xpath: //a[(text() = 'Account Details' or . = 'Account Details')]' not found)]]></system-err>
      </testcase>
      <system-out><![CDATA[2018-08-13 11:08:31 - [TEST_SUITE][FAILED] - Create_Delete_Account: Test Cases/CreateAccountCompany FAILED because (of) Unable to click on object 'Object Repository/CreateAccountCompany/Page_Databox  Create Account  Get S/label_Company Account' (Root cause: com.kms.katalon.core.webui.exception.WebElementNotFoundException: Web element with id: 'Object Repository/CreateAccountCompany/Page_Databox  Create Account  Get S/label_Company Account' located by 'By.xpath: id("signup-container")/div[@class="row"]/div[@class="right-side"]/div[@class="step-ct"]/div[@class="step2 active"]/div[@class="radiobuttons"]/div[@class="button-ct"]/label[@class="icon icon-check"]' not found)]]></system-out>
      <system-err><![CDATA[2018-08-13 11:08:31 - [TEST_SUITE][FAILED] - Create_Delete_Account: Test Cases/CreateAccountCompany FAILED because (of) Unable to click on object 'Object Repository/CreateAccountCompany/Page_Databox  Create Account  Get S/label_Company Account' (Root cause: com.kms.katalon.core.webui.exception.WebElementNotFoundException: Web element with id: 'Object Repository/CreateAccountCompany/Page_Databox  Create Account  Get S/label_Company Account' located by 'By.xpath: id("signup-container")/div[@class="row"]/div[@class="right-side"]/div[@class="step-ct"]/div[@class="step2 active"]/div[@class="radiobuttons"]/div[@class="button-ct"]/label[@class="icon icon-check"]' not found)]]></system-err>
   </testsuite>
</testsuites>
