<?xml version="1.0" encoding="UTF-8"?>
<testsuites name="CreateDataboard" time="70" tests="1" failures="1" errors="0">
   <testsuite name="CreateDataboard" tests="1" failures="1" errors="0" time="70" timestamp="2018-08-14 10:40:14" hostname="i3 - i3-PC" id="Test Suites/CreateDataboard">
      <properties>
         <property name="deviceName" value=""/>
         <property name="devicePlatform" value=""/>
         <property name="logFolder" value="C:\\Users\\i3\\Katalon Studio\\Databox_Katalon\\Reports\\CreateDataboard\\20180814_104011"/>
         <property name="logFiles" value="C:\\Users\\i3\\Katalon Studio\\Databox_Katalon\\Reports\\CreateDataboard\\20180814_104011\\execution0.log"/>
         <property name="attachments" value="C:\\Users\\i3\\Katalon Studio\\Databox_Katalon\\Reports\\CreateDataboard\\20180814_104011\\1534236083800.png"/>
         <property name="hostName" value="i3 - i3-PC"/>
         <property name="os" value="Windows 7 64bit"/>
         <property name="katalonVersion" value="5.6.0.1"/>
         <property name="browser" value="Chrome 68.0.3440.106"/>
         <property name="hostAddress" value="192.168.1.140"/>
         <property name="sessionId" value="9c2332181ef8729dbc0bbf0881c21b8c"/>
         <property name="seleniumVersion" value="3.7.1"/>
         <property name="proxyInformation" value="ProxyInformation{proxyOption=NO_PROXY, proxyServerType=HTTP, password=, proxyServerAddress=, proxyServerPort=0}"/>
         <property name="platform" value="Windows 7"/>
      </properties>
      <testcase name="Test Cases/LoginAccountCompany" classname="Test Cases/LoginAccountCompany" status="PASSED">
         <system-out><![CDATA[2018-08-14 10:40:14 - [TEST_CASE][PASSED] - Test Cases/LoginAccountCompany: Test Cases/LoginAccountCompany

2018-08-14 10:40:15 - [TEST_STEP][PASSED] - openBrowser: Browser is opened with url: ''

2018-08-14 10:40:18 - [MESSAGE][PASSED] - Browser is opened with url: ''

2018-08-14 10:40:18 - [TEST_STEP][PASSED] - navigateToUrl: Navigate to 'https://app.databox.com/' successfully

2018-08-14 10:40:22 - [MESSAGE][PASSED] - Navigate to 'https://app.databox.com/' successfully

2018-08-14 10:40:22 - [TEST_STEP][PASSED] - setText: Text 'mihael+katalontest@databox.com' is set on object 'Object Repository/Login/Page_Databox/input_email'

2018-08-14 10:40:22 - [MESSAGE][PASSED] - Text 'mihael+katalontest@databox.com' is set on object 'Object Repository/Login/Page_Databox/input_email'

2018-08-14 10:40:22 - [TEST_STEP][PASSED] - setEncryptedText: Text ****** has been set on object 'Object Repository/Login/Page_Databox/input_password'

2018-08-14 10:40:23 - [MESSAGE][PASSED] - Text ****** has been set on object 'Object Repository/Login/Page_Databox/input_password'

2018-08-14 10:40:23 - [TEST_STEP][PASSED] - click: Object: 'Object Repository/Login/Page_Databox/button_Sign in' is clicked on

2018-08-14 10:40:24 - [MESSAGE][PASSED] - Object: 'Object Repository/Login/Page_Databox/button_Sign in' is clicked on]]></system-out>
         <system-err><![CDATA[]]></system-err>
      </testcase>
      <testcase name="Test Cases/CreateDataboard" classname="Test Cases/CreateDataboard" status="FAILED">
         <failure type="FAILED" message="Unable to click on object 'Object Repository/CreateDataboard/Page_Databox/a_Use template' (Root cause: com.kms.katalon.core.webui.exception.WebElementNotFoundException: Web element with id: 'Object Repository/CreateDataboard/Page_Databox/a_Use template' located by 'By.xpath: //*[@class = 'greenbutton' and @data-ember-action-2154 = '2154']' not found)"/>
         <system-out><![CDATA[2018-08-14 10:40:24 - [TEST_CASE][FAILED] - Test Cases/CreateDataboard: Test Cases/CreateDataboard FAILED because (of) Unable to click on object 'Object Repository/CreateDataboard/Page_Databox/a_Use template' (Root cause: com.kms.katalon.core.webui.exception.WebElementNotFoundException: Web element with id: 'Object Repository/CreateDataboard/Page_Databox/a_Use template' located by 'By.xpath: //*[@class = 'greenbutton' and @data-ember-action-2154 = '2154']' not found)

2018-08-14 10:40:24 - [TEST_STEP][PASSED] - click: Object: 'Object Repository/CreateDataboard/Page_Databox/div_ Create New Databoard' is clicked on

2018-08-14 10:40:33 - [MESSAGE][PASSED] - Object: 'Object Repository/CreateDataboard/Page_Databox/div_ Create New Databoard' is clicked on

2018-08-14 10:40:33 - [TEST_STEP][PASSED] - click: Object: 'Object Repository/CreateDataboard/Page_Databox/span_icon icon-wand' is clicked on

2018-08-14 10:40:34 - [MESSAGE][PASSED] - Object: 'Object Repository/CreateDataboard/Page_Databox/span_icon icon-wand' is clicked on

2018-08-14 10:40:34 - [TEST_STEP][PASSED] - click: Object: 'Object Repository/CreateDataboard/Page_Databox/a_Choose a template' is clicked on

2018-08-14 10:40:38 - [MESSAGE][PASSED] - Object: 'Object Repository/CreateDataboard/Page_Databox/a_Choose a template' is clicked on

2018-08-14 10:40:38 - [TEST_STEP][FAILED] - click: Unable to click on object 'Object Repository/CreateDataboard/Page_Databox/a_Use template' (Root cause: com.kms.katalon.core.webui.exception.WebElementNotFoundException: Web element with id: 'Object Repository/CreateDataboard/Page_Databox/a_Use template' located by 'By.xpath: //*[@class = 'greenbutton' and @data-ember-action-2154 = '2154']' not found)

2018-08-14 10:41:24 - [MESSAGE][FAILED] - Unable to click on object 'Object Repository/CreateDataboard/Page_Databox/a_Use template' (Root cause: com.kms.katalon.core.webui.exception.WebElementNotFoundException: Web element with id: 'Object Repository/CreateDataboard/Page_Databox/a_Use template' located by 'By.xpath: //*[@class = 'greenbutton' and @data-ember-action-2154 = '2154']' not found)
[[ATTACHMENT|C:\\Users\\i3\\Katalon Studio\\Databox_Katalon\\Reports\\CreateDataboard\\20180814_104011\\1534236083800.png]]]]></system-out>
         <system-err><![CDATA[2018-08-14 10:40:24 - [TEST_CASE][FAILED] - Test Cases/CreateDataboard: Test Cases/CreateDataboard FAILED because (of) Unable to click on object 'Object Repository/CreateDataboard/Page_Databox/a_Use template' (Root cause: com.kms.katalon.core.webui.exception.WebElementNotFoundException: Web element with id: 'Object Repository/CreateDataboard/Page_Databox/a_Use template' located by 'By.xpath: //*[@class = 'greenbutton' and @data-ember-action-2154 = '2154']' not found)]]></system-err>
      </testcase>
      <system-out><![CDATA[2018-08-14 10:40:14 - [TEST_SUITE][FAILED] - CreateDataboard: Test Cases/CreateDataboard FAILED because (of) Unable to click on object 'Object Repository/CreateDataboard/Page_Databox/a_Use template' (Root cause: com.kms.katalon.core.webui.exception.WebElementNotFoundException: Web element with id: 'Object Repository/CreateDataboard/Page_Databox/a_Use template' located by 'By.xpath: //*[@class = 'greenbutton' and @data-ember-action-2154 = '2154']' not found)]]></system-out>
      <system-err><![CDATA[2018-08-14 10:40:14 - [TEST_SUITE][FAILED] - CreateDataboard: Test Cases/CreateDataboard FAILED because (of) Unable to click on object 'Object Repository/CreateDataboard/Page_Databox/a_Use template' (Root cause: com.kms.katalon.core.webui.exception.WebElementNotFoundException: Web element with id: 'Object Repository/CreateDataboard/Page_Databox/a_Use template' located by 'By.xpath: //*[@class = 'greenbutton' and @data-ember-action-2154 = '2154']' not found)]]></system-err>
   </testsuite>
</testsuites>
