<?xml version="1.0" encoding="UTF-8"?>
<testsuites name="CreateUser_DeleteUser" time="22" tests="2" failures="0" errors="0">
   <testsuite name="CreateUser_DeleteUser" tests="2" failures="0" errors="0" time="22" timestamp="2018-08-14 12:23:56" hostname="i3 - i3-PC" id="Test Suites/CreateUser_DeleteUser">
      <properties>
         <property name="deviceName" value=""/>
         <property name="devicePlatform" value=""/>
         <property name="logFolder" value="C:\\Users\\i3\\Katalon Studio\\Databox_Katalon\\Reports\\CreateUser_DeleteUser\\20180814_122353"/>
         <property name="logFiles" value="C:\\Users\\i3\\Katalon Studio\\Databox_Katalon\\Reports\\CreateUser_DeleteUser\\20180814_122353\\execution0.log"/>
         <property name="attachments" value=""/>
         <property name="hostName" value="i3 - i3-PC"/>
         <property name="os" value="Windows 7 64bit"/>
         <property name="katalonVersion" value="5.6.0.1"/>
         <property name="browser" value="Chrome 68.0.3440.106"/>
         <property name="hostAddress" value="192.168.1.140"/>
         <property name="sessionId" value="b45e98981c919797c78887be792a79b1"/>
         <property name="seleniumVersion" value="3.7.1"/>
         <property name="proxyInformation" value="ProxyInformation{proxyOption=NO_PROXY, proxyServerType=HTTP, password=, proxyServerAddress=, proxyServerPort=0}"/>
         <property name="platform" value="Windows 7"/>
      </properties>
      <testcase name="Test Cases/LoginAccountCompany" classname="Test Cases/LoginAccountCompany" status="PASSED">
         <system-out><![CDATA[2018-08-14 12:23:56 - [TEST_CASE][PASSED] - Test Cases/LoginAccountCompany: Test Cases/LoginAccountCompany

2018-08-14 12:23:57 - [TEST_STEP][PASSED] - openBrowser: Browser is opened with url: ''

2018-08-14 12:24:01 - [MESSAGE][PASSED] - Browser is opened with url: ''

2018-08-14 12:24:01 - [TEST_STEP][PASSED] - navigateToUrl: Navigate to 'https://app.databox.com/' successfully

2018-08-14 12:24:03 - [MESSAGE][PASSED] - Navigate to 'https://app.databox.com/' successfully

2018-08-14 12:24:03 - [TEST_STEP][PASSED] - setText: Text 'mihael+katalontest@databox.com' is set on object 'Object Repository/LoginAccountCompany/Page_Databox/input_email'

2018-08-14 12:24:04 - [MESSAGE][PASSED] - Text 'mihael+katalontest@databox.com' is set on object 'Object Repository/LoginAccountCompany/Page_Databox/input_email'

2018-08-14 12:24:04 - [TEST_STEP][PASSED] - setEncryptedText: Text ****** has been set on object 'Object Repository/LoginAccountCompany/Page_Databox/input_password'

2018-08-14 12:24:05 - [MESSAGE][PASSED] - Text ****** has been set on object 'Object Repository/LoginAccountCompany/Page_Databox/input_password'

2018-08-14 12:24:05 - [TEST_STEP][PASSED] - click: Object: 'Object Repository/LoginAccountCompany/Page_Databox/button_Sign in' is clicked on

2018-08-14 12:24:05 - [MESSAGE][PASSED] - Object: 'Object Repository/LoginAccountCompany/Page_Databox/button_Sign in' is clicked on]]></system-out>
         <system-err><![CDATA[]]></system-err>
      </testcase>
      <testcase name="Test Cases/CreateUser" classname="Test Cases/CreateUser" status="PASSED">
         <system-out><![CDATA[2018-08-14 12:24:05 - [TEST_CASE][PASSED] - Test Cases/CreateUser: Test Cases/CreateUser

2018-08-14 12:24:05 - [TEST_STEP][PASSED] - click: Object: 'Object Repository/CreateUser/Page_Databox/a_KN        Account' is clicked on

2018-08-14 12:24:15 - [MESSAGE][PASSED] - Object: 'Object Repository/CreateUser/Page_Databox/a_KN        Account' is clicked on

2018-08-14 12:24:15 - [TEST_STEP][PASSED] - click: Object: 'Object Repository/CreateUser/Page_Databox/a_User Management' is clicked on

2018-08-14 12:24:16 - [MESSAGE][PASSED] - Object: 'Object Repository/CreateUser/Page_Databox/a_User Management' is clicked on

2018-08-14 12:24:16 - [TEST_STEP][PASSED] - click: Object: 'Object Repository/CreateUser/Page_Databox/a_New user' is clicked on

2018-08-14 12:24:16 - [MESSAGE][PASSED] - Object: 'Object Repository/CreateUser/Page_Databox/a_New user' is clicked on

2018-08-14 12:24:16 - [TEST_STEP][PASSED] - setText: Text 'user 2' is set on object 'Object Repository/CreateUser/Page_Databox/input_name'

2018-08-14 12:24:17 - [MESSAGE][PASSED] - Text 'user 2' is set on object 'Object Repository/CreateUser/Page_Databox/input_name'

2018-08-14 12:24:17 - [TEST_STEP][PASSED] - setText: Text 'mihael+user2katalon@databox.com' is set on object 'Object Repository/CreateUser/Page_Databox/input_email'

2018-08-14 12:24:18 - [MESSAGE][PASSED] - Text 'mihael+user2katalon@databox.com' is set on object 'Object Repository/CreateUser/Page_Databox/input_email'

2018-08-14 12:24:18 - [TEST_STEP][PASSED] - click: Object: 'Object Repository/CreateUser/Page_Databox/a_Send invitation' is clicked on

2018-08-14 12:24:18 - [MESSAGE][PASSED] - Object: 'Object Repository/CreateUser/Page_Databox/a_Send invitation' is clicked on

2018-08-14 12:24:18 - [TEST_STEP][PASSED] - verifyElementPresent: Object 'Object Repository/CreateUser/Page_Databox/strong_User 2' is present

2018-08-14 12:24:18 - [MESSAGE][PASSED] - Object 'Object Repository/CreateUser/Page_Databox/strong_User 2' is present]]></system-out>
         <system-err><![CDATA[]]></system-err>
      </testcase>
      <system-out><![CDATA[2018-08-14 12:23:56 - [TEST_SUITE][PASSED] - CreateUser_DeleteUser: Test Cases/CreateUser]]></system-out>
      <system-err><![CDATA[]]></system-err>
   </testsuite>
</testsuites>
